1625405192.053994 client started (183983): version 3.2a, socket /tmp/tmux-1000/default, protocol 8
1625405192.054011 on Linux 5.12.13-arch1-2 #1 SMP PREEMPT Fri, 25 Jun 2021 22:56:51 +0000
1625405192.054015 using libevent 2.1.12-stable (poll); ncurses 6.2
1625405192.054027 flags are 0x10010000
1625405192.054030 socket is /tmp/tmux-1000/default
1625405192.054037 trying connect
1625405192.054077 add peer 0x562f8ad0e6f0: 6 ((nil))
1625405192.054268 sending message 100 to peer 0x562f8ad0e6f0 (4 bytes)
1625405192.054273 sending message 111 to peer 0x562f8ad0e6f0 (8 bytes)
1625405192.054276 sending message 101 to peer 0x562f8ad0e6f0 (15 bytes)
1625405192.054278 sending message 109 to peer 0x562f8ad0e6f0 (4 bytes)
1625405192.054281 sending message 102 to peer 0x562f8ad0e6f0 (12 bytes)
1625405192.054283 sending message 108 to peer 0x562f8ad0e6f0 (50 bytes)
1625405192.054285 sending message 112 to peer 0x562f8ad0e6f0 (58 bytes)
1625405192.054288 sending message 112 to peer 0x562f8ad0e6f0 (5 bytes)
1625405192.054290 sending message 112 to peer 0x562f8ad0e6f0 (5 bytes)
1625405192.054293 sending message 112 to peer 0x562f8ad0e6f0 (6 bytes)
1625405192.054295 sending message 112 to peer 0x562f8ad0e6f0 (6 bytes)
1625405192.054297 sending message 112 to peer 0x562f8ad0e6f0 (11 bytes)
1625405192.054300 sending message 112 to peer 0x562f8ad0e6f0 (10 bytes)
1625405192.054302 sending message 112 to peer 0x562f8ad0e6f0 (13 bytes)
1625405192.054304 sending message 112 to peer 0x562f8ad0e6f0 (14 bytes)
1625405192.054307 sending message 112 to peer 0x562f8ad0e6f0 (19 bytes)
1625405192.054309 sending message 112 to peer 0x562f8ad0e6f0 (11 bytes)
1625405192.054311 sending message 112 to peer 0x562f8ad0e6f0 (10 bytes)
1625405192.054313 sending message 112 to peer 0x562f8ad0e6f0 (15 bytes)
1625405192.054316 sending message 112 to peer 0x562f8ad0e6f0 (21 bytes)
1625405192.054318 sending message 112 to peer 0x562f8ad0e6f0 (13 bytes)
1625405192.054320 sending message 112 to peer 0x562f8ad0e6f0 (7 bytes)
1625405192.054322 sending message 112 to peer 0x562f8ad0e6f0 (13 bytes)
1625405192.054325 sending message 112 to peer 0x562f8ad0e6f0 (7 bytes)
1625405192.054327 sending message 112 to peer 0x562f8ad0e6f0 (13 bytes)
1625405192.054330 sending message 112 to peer 0x562f8ad0e6f0 (9 bytes)
1625405192.054332 sending message 112 to peer 0x562f8ad0e6f0 (21 bytes)
1625405192.054334 sending message 112 to peer 0x562f8ad0e6f0 (13 bytes)
1625405192.054336 sending message 112 to peer 0x562f8ad0e6f0 (9 bytes)
1625405192.054339 sending message 112 to peer 0x562f8ad0e6f0 (16 bytes)
1625405192.054341 sending message 112 to peer 0x562f8ad0e6f0 (13 bytes)
1625405192.054343 sending message 112 to peer 0x562f8ad0e6f0 (9 bytes)
1625405192.054346 sending message 112 to peer 0x562f8ad0e6f0 (9 bytes)
1625405192.054348 sending message 112 to peer 0x562f8ad0e6f0 (12 bytes)
1625405192.054350 sending message 112 to peer 0x562f8ad0e6f0 (8 bytes)
1625405192.054352 sending message 112 to peer 0x562f8ad0e6f0 (8 bytes)
1625405192.054355 sending message 112 to peer 0x562f8ad0e6f0 (13 bytes)
1625405192.054357 sending message 112 to peer 0x562f8ad0e6f0 (7 bytes)
1625405192.054360 sending message 112 to peer 0x562f8ad0e6f0 (7 bytes)
1625405192.054362 sending message 112 to peer 0x562f8ad0e6f0 (9 bytes)
1625405192.054364 sending message 112 to peer 0x562f8ad0e6f0 (9 bytes)
1625405192.054366 sending message 112 to peer 0x562f8ad0e6f0 (15 bytes)
1625405192.054369 sending message 112 to peer 0x562f8ad0e6f0 (13 bytes)
1625405192.054371 sending message 112 to peer 0x562f8ad0e6f0 (12 bytes)
1625405192.054373 sending message 112 to peer 0x562f8ad0e6f0 (8 bytes)
1625405192.054375 sending message 112 to peer 0x562f8ad0e6f0 (14 bytes)
1625405192.054378 sending message 112 to peer 0x562f8ad0e6f0 (11 bytes)
1625405192.054381 sending message 112 to peer 0x562f8ad0e6f0 (9 bytes)
1625405192.054383 sending message 112 to peer 0x562f8ad0e6f0 (10 bytes)
1625405192.054385 sending message 112 to peer 0x562f8ad0e6f0 (10 bytes)
1625405192.054387 sending message 112 to peer 0x562f8ad0e6f0 (10 bytes)
1625405192.054390 sending message 112 to peer 0x562f8ad0e6f0 (10 bytes)
1625405192.054396 sending message 112 to peer 0x562f8ad0e6f0 (11 bytes)
1625405192.054398 sending message 112 to peer 0x562f8ad0e6f0 (12 bytes)
1625405192.054401 sending message 112 to peer 0x562f8ad0e6f0 (12 bytes)
1625405192.054403 sending message 112 to peer 0x562f8ad0e6f0 (12 bytes)
1625405192.054405 sending message 112 to peer 0x562f8ad0e6f0 (12 bytes)
1625405192.054408 sending message 112 to peer 0x562f8ad0e6f0 (12 bytes)
1625405192.054410 sending message 112 to peer 0x562f8ad0e6f0 (11 bytes)
1625405192.054412 sending message 112 to peer 0x562f8ad0e6f0 (11 bytes)
1625405192.054414 sending message 112 to peer 0x562f8ad0e6f0 (12 bytes)
1625405192.054417 sending message 112 to peer 0x562f8ad0e6f0 (12 bytes)
1625405192.054419 sending message 112 to peer 0x562f8ad0e6f0 (12 bytes)
1625405192.054421 sending message 112 to peer 0x562f8ad0e6f0 (12 bytes)
1625405192.054423 sending message 112 to peer 0x562f8ad0e6f0 (12 bytes)
1625405192.054426 sending message 112 to peer 0x562f8ad0e6f0 (9 bytes)
1625405192.054428 sending message 112 to peer 0x562f8ad0e6f0 (12 bytes)
1625405192.054430 sending message 112 to peer 0x562f8ad0e6f0 (13 bytes)
1625405192.054433 sending message 112 to peer 0x562f8ad0e6f0 (13 bytes)
1625405192.054435 sending message 112 to peer 0x562f8ad0e6f0 (13 bytes)
1625405192.054437 sending message 112 to peer 0x562f8ad0e6f0 (13 bytes)
1625405192.054439 sending message 112 to peer 0x562f8ad0e6f0 (13 bytes)
1625405192.054442 sending message 112 to peer 0x562f8ad0e6f0 (8 bytes)
1625405192.054444 sending message 112 to peer 0x562f8ad0e6f0 (11 bytes)
1625405192.054446 sending message 112 to peer 0x562f8ad0e6f0 (11 bytes)
1625405192.054448 sending message 112 to peer 0x562f8ad0e6f0 (11 bytes)
1625405192.054451 sending message 112 to peer 0x562f8ad0e6f0 (12 bytes)
1625405192.054453 sending message 112 to peer 0x562f8ad0e6f0 (12 bytes)
1625405192.054455 sending message 112 to peer 0x562f8ad0e6f0 (12 bytes)
1625405192.054457 sending message 112 to peer 0x562f8ad0e6f0 (12 bytes)
1625405192.054460 sending message 112 to peer 0x562f8ad0e6f0 (13 bytes)
1625405192.054462 sending message 112 to peer 0x562f8ad0e6f0 (13 bytes)
1625405192.054465 sending message 112 to peer 0x562f8ad0e6f0 (13 bytes)
1625405192.054467 sending message 112 to peer 0x562f8ad0e6f0 (8 bytes)
1625405192.054469 sending message 112 to peer 0x562f8ad0e6f0 (13 bytes)
1625405192.054472 sending message 112 to peer 0x562f8ad0e6f0 (13 bytes)
1625405192.054474 sending message 112 to peer 0x562f8ad0e6f0 (13 bytes)
1625405192.054477 sending message 112 to peer 0x562f8ad0e6f0 (13 bytes)
1625405192.054479 sending message 112 to peer 0x562f8ad0e6f0 (13 bytes)
1625405192.054481 sending message 112 to peer 0x562f8ad0e6f0 (12 bytes)
1625405192.054483 sending message 112 to peer 0x562f8ad0e6f0 (12 bytes)
1625405192.054486 sending message 112 to peer 0x562f8ad0e6f0 (12 bytes)
1625405192.054488 sending message 112 to peer 0x562f8ad0e6f0 (12 bytes)
1625405192.054490 sending message 112 to peer 0x562f8ad0e6f0 (13 bytes)
1625405192.054492 sending message 112 to peer 0x562f8ad0e6f0 (8 bytes)
1625405192.054495 sending message 112 to peer 0x562f8ad0e6f0 (13 bytes)
1625405192.054497 sending message 112 to peer 0x562f8ad0e6f0 (13 bytes)
1625405192.054499 sending message 112 to peer 0x562f8ad0e6f0 (13 bytes)
1625405192.054501 sending message 112 to peer 0x562f8ad0e6f0 (13 bytes)
1625405192.054504 sending message 112 to peer 0x562f8ad0e6f0 (13 bytes)
1625405192.054506 sending message 112 to peer 0x562f8ad0e6f0 (13 bytes)
1625405192.054508 sending message 112 to peer 0x562f8ad0e6f0 (13 bytes)
1625405192.054511 sending message 112 to peer 0x562f8ad0e6f0 (12 bytes)
1625405192.054513 sending message 112 to peer 0x562f8ad0e6f0 (12 bytes)
1625405192.054515 sending message 112 to peer 0x562f8ad0e6f0 (12 bytes)
1625405192.054517 sending message 112 to peer 0x562f8ad0e6f0 (8 bytes)
1625405192.054520 sending message 112 to peer 0x562f8ad0e6f0 (12 bytes)
1625405192.054522 sending message 112 to peer 0x562f8ad0e6f0 (13 bytes)
1625405192.054524 sending message 112 to peer 0x562f8ad0e6f0 (13 bytes)
1625405192.054529 sending message 112 to peer 0x562f8ad0e6f0 (13 bytes)
1625405192.054531 sending message 112 to peer 0x562f8ad0e6f0 (13 bytes)
1625405192.054534 sending message 112 to peer 0x562f8ad0e6f0 (13 bytes)
1625405192.054536 sending message 112 to peer 0x562f8ad0e6f0 (13 bytes)
1625405192.054538 sending message 112 to peer 0x562f8ad0e6f0 (13 bytes)
1625405192.054540 sending message 112 to peer 0x562f8ad0e6f0 (13 bytes)
1625405192.054543 sending message 112 to peer 0x562f8ad0e6f0 (12 bytes)
1625405192.054545 sending message 112 to peer 0x562f8ad0e6f0 (10 bytes)
1625405192.054547 sending message 112 to peer 0x562f8ad0e6f0 (12 bytes)
1625405192.054550 sending message 112 to peer 0x562f8ad0e6f0 (12 bytes)
1625405192.054552 sending message 112 to peer 0x562f8ad0e6f0 (12 bytes)
1625405192.054554 sending message 112 to peer 0x562f8ad0e6f0 (13 bytes)
1625405192.054556 sending message 112 to peer 0x562f8ad0e6f0 (13 bytes)
1625405192.054559 sending message 112 to peer 0x562f8ad0e6f0 (13 bytes)
1625405192.054561 sending message 112 to peer 0x562f8ad0e6f0 (13 bytes)
1625405192.054563 sending message 112 to peer 0x562f8ad0e6f0 (13 bytes)
1625405192.054566 sending message 112 to peer 0x562f8ad0e6f0 (13 bytes)
1625405192.054568 sending message 112 to peer 0x562f8ad0e6f0 (13 bytes)
1625405192.054570 sending message 112 to peer 0x562f8ad0e6f0 (10 bytes)
1625405192.054573 sending message 112 to peer 0x562f8ad0e6f0 (13 bytes)
1625405192.054575 sending message 112 to peer 0x562f8ad0e6f0 (12 bytes)
1625405192.054577 sending message 112 to peer 0x562f8ad0e6f0 (12 bytes)
1625405192.054579 sending message 112 to peer 0x562f8ad0e6f0 (12 bytes)
1625405192.054582 sending message 112 to peer 0x562f8ad0e6f0 (10 bytes)
1625405192.054584 sending message 112 to peer 0x562f8ad0e6f0 (10 bytes)
1625405192.054586 sending message 112 to peer 0x562f8ad0e6f0 (10 bytes)
1625405192.054588 sending message 112 to peer 0x562f8ad0e6f0 (12 bytes)
1625405192.054591 sending message 112 to peer 0x562f8ad0e6f0 (13 bytes)
1625405192.054593 sending message 112 to peer 0x562f8ad0e6f0 (13 bytes)
1625405192.054595 sending message 112 to peer 0x562f8ad0e6f0 (13 bytes)
1625405192.054598 sending message 112 to peer 0x562f8ad0e6f0 (13 bytes)
1625405192.054600 sending message 112 to peer 0x562f8ad0e6f0 (13 bytes)
1625405192.054602 sending message 112 to peer 0x562f8ad0e6f0 (10 bytes)
1625405192.054605 sending message 112 to peer 0x562f8ad0e6f0 (11 bytes)
1625405192.054607 sending message 112 to peer 0x562f8ad0e6f0 (12 bytes)
1625405192.054609 sending message 112 to peer 0x562f8ad0e6f0 (12 bytes)
1625405192.054611 sending message 112 to peer 0x562f8ad0e6f0 (12 bytes)
1625405192.054614 sending message 112 to peer 0x562f8ad0e6f0 (12 bytes)
1625405192.054616 sending message 112 to peer 0x562f8ad0e6f0 (12 bytes)
1625405192.054618 sending message 112 to peer 0x562f8ad0e6f0 (11 bytes)
1625405192.054620 sending message 112 to peer 0x562f8ad0e6f0 (12 bytes)
1625405192.054623 sending message 112 to peer 0x562f8ad0e6f0 (12 bytes)
1625405192.054625 sending message 112 to peer 0x562f8ad0e6f0 (13 bytes)
1625405192.054627 sending message 112 to peer 0x562f8ad0e6f0 (13 bytes)
1625405192.054629 sending message 112 to peer 0x562f8ad0e6f0 (13 bytes)
1625405192.054631 sending message 112 to peer 0x562f8ad0e6f0 (13 bytes)
1625405192.054634 sending message 112 to peer 0x562f8ad0e6f0 (13 bytes)
1625405192.054636 sending message 112 to peer 0x562f8ad0e6f0 (10 bytes)
1625405192.054638 sending message 112 to peer 0x562f8ad0e6f0 (9 bytes)
1625405192.054640 sending message 112 to peer 0x562f8ad0e6f0 (12 bytes)
1625405192.054643 sending message 112 to peer 0x562f8ad0e6f0 (13 bytes)
1625405192.054645 sending message 112 to peer 0x562f8ad0e6f0 (13 bytes)
1625405192.054647 sending message 112 to peer 0x562f8ad0e6f0 (13 bytes)
1625405192.054649 sending message 112 to peer 0x562f8ad0e6f0 (13 bytes)
1625405192.054652 sending message 112 to peer 0x562f8ad0e6f0 (13 bytes)
1625405192.054654 sending message 112 to peer 0x562f8ad0e6f0 (9 bytes)
1625405192.054656 sending message 112 to peer 0x562f8ad0e6f0 (12 bytes)
1625405192.054660 sending message 112 to peer 0x562f8ad0e6f0 (13 bytes)
1625405192.054662 sending message 112 to peer 0x562f8ad0e6f0 (13 bytes)
1625405192.054665 sending message 112 to peer 0x562f8ad0e6f0 (13 bytes)
1625405192.054667 sending message 112 to peer 0x562f8ad0e6f0 (13 bytes)
1625405192.054669 sending message 112 to peer 0x562f8ad0e6f0 (13 bytes)
1625405192.054671 sending message 112 to peer 0x562f8ad0e6f0 (11 bytes)
1625405192.054674 sending message 112 to peer 0x562f8ad0e6f0 (12 bytes)
1625405192.054676 sending message 112 to peer 0x562f8ad0e6f0 (13 bytes)
1625405192.054678 sending message 112 to peer 0x562f8ad0e6f0 (13 bytes)
1625405192.054681 sending message 112 to peer 0x562f8ad0e6f0 (13 bytes)
1625405192.054684 sending message 112 to peer 0x562f8ad0e6f0 (13 bytes)
1625405192.054686 sending message 112 to peer 0x562f8ad0e6f0 (13 bytes)
1625405192.054688 sending message 112 to peer 0x562f8ad0e6f0 (11 bytes)
1625405192.054690 sending message 112 to peer 0x562f8ad0e6f0 (12 bytes)
1625405192.054693 sending message 112 to peer 0x562f8ad0e6f0 (12 bytes)
1625405192.054695 sending message 112 to peer 0x562f8ad0e6f0 (12 bytes)
1625405192.054697 sending message 112 to peer 0x562f8ad0e6f0 (12 bytes)
1625405192.054699 sending message 112 to peer 0x562f8ad0e6f0 (12 bytes)
1625405192.054701 sending message 112 to peer 0x562f8ad0e6f0 (21 bytes)
1625405192.054704 sending message 112 to peer 0x562f8ad0e6f0 (12 bytes)
1625405192.054706 sending message 112 to peer 0x562f8ad0e6f0 (9 bytes)
1625405192.054708 sending message 112 to peer 0x562f8ad0e6f0 (6 bytes)
1625405192.054710 sending message 112 to peer 0x562f8ad0e6f0 (13 bytes)
1625405192.054712 sending message 112 to peer 0x562f8ad0e6f0 (10 bytes)
1625405192.054715 sending message 112 to peer 0x562f8ad0e6f0 (24 bytes)
1625405192.054718 sending message 112 to peer 0x562f8ad0e6f0 (13 bytes)
1625405192.054720 sending message 112 to peer 0x562f8ad0e6f0 (9 bytes)
1625405192.054722 sending message 112 to peer 0x562f8ad0e6f0 (70 bytes)
1625405192.054725 sending message 112 to peer 0x562f8ad0e6f0 (69 bytes)
1625405192.054727 sending message 112 to peer 0x562f8ad0e6f0 (12 bytes)
1625405192.054729 sending message 112 to peer 0x562f8ad0e6f0 (10 bytes)
1625405192.054731 sending message 112 to peer 0x562f8ad0e6f0 (10 bytes)
1625405192.054733 sending message 112 to peer 0x562f8ad0e6f0 (24 bytes)
1625405192.054736 sending message 112 to peer 0x562f8ad0e6f0 (13 bytes)
1625405192.054738 sending message 112 to peer 0x562f8ad0e6f0 (10 bytes)
1625405192.054740 sending message 112 to peer 0x562f8ad0e6f0 (10 bytes)
1625405192.054742 sending message 112 to peer 0x562f8ad0e6f0 (10 bytes)
1625405192.054744 sending message 112 to peer 0x562f8ad0e6f0 (13 bytes)
1625405192.054746 sending message 112 to peer 0x562f8ad0e6f0 (15 bytes)
1625405192.054749 sending message 112 to peer 0x562f8ad0e6f0 (5 bytes)
1625405192.054752 sending message 104 to peer 0x562f8ad0e6f0 (0 bytes)
1625405192.054755 sending message 110 to peer 0x562f8ad0e6f0 (0 bytes)
1625405192.054758 sending message 107 to peer 0x562f8ad0e6f0 (4 bytes)
1625405192.054760 sending message 105 to peer 0x562f8ad0e6f0 (54 bytes)
1625405192.054763 sending message 105 to peer 0x562f8ad0e6f0 (11 bytes)
1625405192.054765 sending message 105 to peer 0x562f8ad0e6f0 (21 bytes)
1625405192.054767 sending message 105 to peer 0x562f8ad0e6f0 (30 bytes)
1625405192.054769 sending message 105 to peer 0x562f8ad0e6f0 (31 bytes)
1625405192.054771 sending message 105 to peer 0x562f8ad0e6f0 (32 bytes)
1625405192.054774 sending message 105 to peer 0x562f8ad0e6f0 (54 bytes)
1625405192.054776 sending message 105 to peer 0x562f8ad0e6f0 (20 bytes)
1625405192.054778 sending message 105 to peer 0x562f8ad0e6f0 (20 bytes)
1625405192.054780 sending message 105 to peer 0x562f8ad0e6f0 (47 bytes)
1625405192.054783 sending message 105 to peer 0x562f8ad0e6f0 (23 bytes)
1625405192.054785 sending message 105 to peer 0x562f8ad0e6f0 (13 bytes)
1625405192.054787 sending message 105 to peer 0x562f8ad0e6f0 (17 bytes)
1625405192.054789 sending message 105 to peer 0x562f8ad0e6f0 (17 bytes)
1625405192.054794 sending message 105 to peer 0x562f8ad0e6f0 (30 bytes)
1625405192.054797 sending message 105 to peer 0x562f8ad0e6f0 (15 bytes)
1625405192.054799 sending message 105 to peer 0x562f8ad0e6f0 (53 bytes)
1625405192.054801 sending message 105 to peer 0x562f8ad0e6f0 (301 bytes)
1625405192.054803 sending message 105 to peer 0x562f8ad0e6f0 (17 bytes)
1625405192.054806 sending message 105 to peer 0x562f8ad0e6f0 (54 bytes)
1625405192.054808 sending message 105 to peer 0x562f8ad0e6f0 (9 bytes)
1625405192.054810 sending message 105 to peer 0x562f8ad0e6f0 (19 bytes)
1625405192.054812 sending message 105 to peer 0x562f8ad0e6f0 (8 bytes)
1625405192.054815 sending message 105 to peer 0x562f8ad0e6f0 (18 bytes)
1625405192.054817 sending message 105 to peer 0x562f8ad0e6f0 (46 bytes)
1625405192.054819 sending message 105 to peer 0x562f8ad0e6f0 (21 bytes)
1625405192.054821 sending message 105 to peer 0x562f8ad0e6f0 (20 bytes)
1625405192.054824 sending message 105 to peer 0x562f8ad0e6f0 (18 bytes)
1625405192.054826 sending message 105 to peer 0x562f8ad0e6f0 (26 bytes)
1625405192.054829 sending message 105 to peer 0x562f8ad0e6f0 (36 bytes)
1625405192.054831 sending message 105 to peer 0x562f8ad0e6f0 (13 bytes)
1625405192.054834 sending message 105 to peer 0x562f8ad0e6f0 (14 bytes)
1625405192.054836 sending message 105 to peer 0x562f8ad0e6f0 (30 bytes)
1625405192.054838 sending message 105 to peer 0x562f8ad0e6f0 (19 bytes)
1625405192.054840 sending message 105 to peer 0x562f8ad0e6f0 (13 bytes)
1625405192.054842 sending message 105 to peer 0x562f8ad0e6f0 (38 bytes)
1625405192.054845 sending message 105 to peer 0x562f8ad0e6f0 (31 bytes)
1625405192.054847 sending message 105 to peer 0x562f8ad0e6f0 (15 bytes)
1625405192.054849 sending message 105 to peer 0x562f8ad0e6f0 (23 bytes)
1625405192.054851 sending message 105 to peer 0x562f8ad0e6f0 (17 bytes)
1625405192.054853 sending message 105 to peer 0x562f8ad0e6f0 (21 bytes)
1625405192.054856 sending message 105 to peer 0x562f8ad0e6f0 (11 bytes)
1625405192.054858 sending message 105 to peer 0x562f8ad0e6f0 (16 bytes)
1625405192.054860 sending message 105 to peer 0x562f8ad0e6f0 (109 bytes)
1625405192.054863 sending message 105 to peer 0x562f8ad0e6f0 (70 bytes)
1625405192.054866 sending message 106 to peer 0x562f8ad0e6f0 (0 bytes)
1625405192.054870 sending message 200 to peer 0x562f8ad0e6f0 (4 bytes)
1625405192.054873 client loop enter
1625405192.056316 peer 0x562f8ad0e6f0 message 303
1625405192.056326 open write file 2 -
1625405192.056333 sending message 305 to peer 0x562f8ad0e6f0 (8 bytes)
1625405192.056339 write check file 2
1625405192.056499 peer 0x562f8ad0e6f0 message 304
1625405192.056505 write 58 to file 2
1625405192.056509 peer 0x562f8ad0e6f0 message 203
1625405192.056511 file 2 58 bytes left
1625405192.056523 write check file 2
1625405192.056525 client loop exit
